<?xml version="1.0" encoding="UTF-8" ?>
<testsuite failures="0" time="0.703" errors="0" skipped="0" tests="6" name="com.tieto.planetwars.player.strategy.StrategyTest">
  <properties>
    <property name="java.runtime.name" value="Java(TM) SE Runtime Environment"/>
    <property name="sun.boot.library.path" value="C:\Program Files\Java\jdk1.6.0_24\jre\bin"/>
    <property name="java.vm.version" value="19.1-b02"/>
    <property name="java.vm.vendor" value="Sun Microsystems Inc."/>
    <property name="java.vendor.url" value="http://java.sun.com/"/>
    <property name="path.separator" value=";"/>
    <property name="java.vm.name" value="Java HotSpot(TM) Client VM"/>
    <property name="file.encoding.pkg" value="sun.io"/>
    <property name="user.country" value="US"/>
    <property name="sun.java.launcher" value="SUN_STANDARD"/>
    <property name="sun.os.patch.level" value="Service Pack 3"/>
    <property name="java.vm.specification.name" value="Java Virtual Machine Specification"/>
    <property name="user.dir" value="C:\devenv\workspace\planetwars-strategy"/>
    <property name="java.runtime.version" value="1.6.0_24-b07"/>
    <property name="java.awt.graphicsenv" value="sun.awt.Win32GraphicsEnvironment"/>
    <property name="basedir" value="C:\devenv\workspace\planetwars-strategy"/>
    <property name="java.endorsed.dirs" value="C:\Program Files\Java\jdk1.6.0_24\jre\lib\endorsed"/>
    <property name="os.arch" value="x86"/>
    <property name="surefire.real.class.path" value="C:\devenv\workspace\planetwars-strategy\target\surefire\surefirebooter5741594901405678355.jar"/>
    <property name="java.io.tmpdir" value="C:\DOCUME~1\ADMINI~1\LOCALS~1\Temp\"/>
    <property name="line.separator" value="
"/>
    <property name="java.vm.specification.vendor" value="Sun Microsystems Inc."/>
    <property name="user.variant" value=""/>
    <property name="os.name" value="Windows XP"/>
    <property name="sun.jnu.encoding" value="Cp1252"/>
    <property name="java.library.path" value="C:\Program Files\Java\jdk1.6.0_24\jre\bin;.;C:\WINDOWS\Sun\Java\bin;C:\WINDOWS\system32;C:\WINDOWS;C:\WINDOWS\system32;C:\WINDOWS;C:\WINDOWS\System32\Wbem;C:\devenv\apache-maven-3.0.2\bin"/>
    <property name="surefire.test.class.path" value="C:\devenv\workspace\planetwars-strategy\target\test-classes;C:\devenv\workspace\planetwars-strategy\target\classes;C:\Documents and Settings\Administrator\.m2\repository\com\tieto\planetwars-api\0.0.1-SNAPSHOT\planetwars-api-0.0.1-SNAPSHOT.jar;C:\Documents and Settings\Administrator\.m2\repository\junit\junit\4.8.2\junit-4.8.2.jar;C:\Documents and Settings\Administrator\.m2\repository\org\easytesting\fest-assert\1.4\fest-assert-1.4.jar;C:\Documents and Settings\Administrator\.m2\repository\org\easytesting\fest-util\1.1.6\fest-util-1.1.6.jar;C:\Documents and Settings\Administrator\.m2\repository\org\mockito\mockito-all\1.8.5\mockito-all-1.8.5.jar;"/>
    <property name="java.specification.name" value="Java Platform API Specification"/>
    <property name="java.class.version" value="50.0"/>
    <property name="sun.management.compiler" value="HotSpot Client Compiler"/>
    <property name="os.version" value="5.1"/>
    <property name="user.home" value="C:\Documents and Settings\Administrator"/>
    <property name="user.timezone" value=""/>
    <property name="java.awt.printerjob" value="sun.awt.windows.WPrinterJob"/>
    <property name="java.specification.version" value="1.6"/>
    <property name="file.encoding" value="Cp1252"/>
    <property name="user.name" value="Administrator"/>
    <property name="java.class.path" value="C:\devenv\workspace\planetwars-strategy\target\test-classes;C:\devenv\workspace\planetwars-strategy\target\classes;C:\Documents and Settings\Administrator\.m2\repository\com\tieto\planetwars-api\0.0.1-SNAPSHOT\planetwars-api-0.0.1-SNAPSHOT.jar;C:\Documents and Settings\Administrator\.m2\repository\junit\junit\4.8.2\junit-4.8.2.jar;C:\Documents and Settings\Administrator\.m2\repository\org\easytesting\fest-assert\1.4\fest-assert-1.4.jar;C:\Documents and Settings\Administrator\.m2\repository\org\easytesting\fest-util\1.1.6\fest-util-1.1.6.jar;C:\Documents and Settings\Administrator\.m2\repository\org\mockito\mockito-all\1.8.5\mockito-all-1.8.5.jar;"/>
    <property name="java.vm.specification.version" value="1.0"/>
    <property name="sun.arch.data.model" value="32"/>
    <property name="java.home" value="C:\Program Files\Java\jdk1.6.0_24\jre"/>
    <property name="java.specification.vendor" value="Sun Microsystems Inc."/>
    <property name="user.language" value="en"/>
    <property name="awt.toolkit" value="sun.awt.windows.WToolkit"/>
    <property name="java.vm.info" value="mixed mode, sharing"/>
    <property name="java.version" value="1.6.0_24"/>
    <property name="java.ext.dirs" value="C:\Program Files\Java\jdk1.6.0_24\jre\lib\ext;C:\WINDOWS\Sun\Java\lib\ext"/>
    <property name="sun.boot.class.path" value="C:\Program Files\Java\jdk1.6.0_24\jre\lib\resources.jar;C:\Program Files\Java\jdk1.6.0_24\jre\lib\rt.jar;C:\Program Files\Java\jdk1.6.0_24\jre\lib\sunrsasign.jar;C:\Program Files\Java\jdk1.6.0_24\jre\lib\jsse.jar;C:\Program Files\Java\jdk1.6.0_24\jre\lib\jce.jar;C:\Program Files\Java\jdk1.6.0_24\jre\lib\charsets.jar;C:\Program Files\Java\jdk1.6.0_24\jre\lib\modules\jdk.boot.jar;C:\Program Files\Java\jdk1.6.0_24\jre\classes"/>
    <property name="java.vendor" value="Sun Microsystems Inc."/>
    <property name="localRepository" value="C:\Documents and Settings\Administrator\.m2\repository"/>
    <property name="file.separator" value="\"/>
    <property name="java.vendor.url.bug" value="http://java.sun.com/cgi-bin/bugreport.cgi"/>
    <property name="sun.cpu.endian" value="little"/>
    <property name="sun.io.unicode.encoding" value="UnicodeLittle"/>
    <property name="sun.desktop" value="windows"/>
    <property name="sun.cpu.isalist" value=""/>
  </properties>
  <testcase time="0.391" classname="com.tieto.planetwars.player.strategy.StrategyTest" name="should_attack_weakest_opposite_player_planet_if_no_neutral_planets"/>
  <testcase time="0.016" classname="com.tieto.planetwars.player.strategy.StrategyTest" name="should_attack_first_opposite_player_planet_if_no_neutral_planets"/>
  <testcase time="0.015" classname="com.tieto.planetwars.player.strategy.StrategyTest" name="should_attack_first_neutral_planet"/>
  <testcase time="0.032" classname="com.tieto.planetwars.player.strategy.StrategyTest" name="should_attack_first_neutral_conquerable_planet_with_strongest_fleet"/>
  <testcase time="0.015" classname="com.tieto.planetwars.player.strategy.StrategyTest" name="should_give_no_command_if_no_neutral_plannet"/>
  <testcase time="0.031" classname="com.tieto.planetwars.player.strategy.StrategyTest" name="should_give_no_command_if_no_neutral_plannet_to_conquer"/>
</testsuite>